This is pdfTeX, Version 3.141592653-2.6-1.40.28 (MiKTeX 25.12) (preloaded format=pdflatex 2026.4.13)  30 APR 2026 00:16
entering extended mode
 restricted \write18 enabled.
 file:line:error style messages enabled.
 %&-line parsing enabled.
**"c:/Users/niniv/OneDrive/Desktop/HPC- project changed/report/main.tex"
(c:/Users/niniv/OneDrive/Desktop/HPC- project changed/report/main.tex
LaTeX2e <2025-11-01>
L3 programming layer <2025-12-24>
(C:\Users\niniv\AppData\Local\Programs\MiKTeX\tex/latex/base\article.cls
Document Class: article 2025/01/22 v1.4n Standard LaTeX document class
(C:\Users\niniv\AppData\Local\Programs\MiKTeX\tex/latex/base\size10.clo
File: size10.clo 2025/01/22 v1.4n Standard LaTeX file (size option)
)
\c@part=\count275
\c@section=\count276
\c@subsection=\count277
\c@subsubsection=\count278
\c@paragraph=\count279
\c@subparagraph=\count280
\c@figure=\count281
\c@table=\count282
\abovecaptionskip=\skip49
\belowcaptionskip=\skip50
\bibindent=\dimen148
) (C:\Users\niniv\AppData\Local\Programs\MiKTeX\tex/latex/geometry\geometry.sty
Package: geometry 2026/03/07 v6.0 Page Geometry
 (C:\Users\niniv\AppData\Local\Programs\MiKTeX\tex/latex/graphics\keyval.sty
Package: keyval 2022/05/29 v1.15 key=value parser (DPC)
\KV@toks@=\toks17
) (C:\Users\niniv\AppData\Local\Programs\MiKTeX\tex/generic/iftex\ifvtex.sty
Package: ifvtex 2019/10/25 v1.7 ifvtex legacy package. Use iftex instead.
 (C:\Users\niniv\AppData\Local\Programs\MiKTeX\tex/generic/iftex\iftex.sty
Package: iftex 2024/12/12 v1.0g TeX engine tests
))
\Gm@cnth=\count283
\Gm@cntv=\count284
\c@Gm@tempcnt=\count285
\Gm@bindingoffset=\dimen149
\Gm@wd@mp=\dimen150
\Gm@odd@mp=\dimen151
\Gm@even@mp=\dimen152
\Gm@layoutwidth=\dimen153
\Gm@layoutheight=\dimen154
\Gm@layouthoffset=\dimen155
\Gm@layoutvoffset=\dimen156
\Gm@dimlist=\toks18
 (C:\Users\niniv\AppData\Local\Programs\MiKTeX\tex/latex/geometry\geometry.cfg)) (C:\Users\niniv\AppData\Local\Programs\MiKTeX\tex/latex/setspace\setspace.sty
Package: setspace 2022/12/04 v6.7b set line spacing
) (C:\Users\niniv\AppData\Local\Programs\MiKTeX\tex/latex/fancyhdr\fancyhdr.sty
Package: fancyhdr 2025/02/07 v5.2 Extensive control of page headers and footers
\f@nch@headwidth=\skip51
\f@nch@offset@elh=\skip52
\f@nch@offset@erh=\skip53
\f@nch@offset@olh=\skip54
\f@nch@offset@orh=\skip55
\f@nch@offset@elf=\skip56
\f@nch@offset@erf=\skip57
\f@nch@offset@olf=\skip58
\f@nch@offset@orf=\skip59
\f@nch@height=\skip60
\f@nch@footalignment=\skip61
\f@nch@widthL=\skip62
\f@nch@widthC=\skip63
\f@nch@widthR=\skip64
\@temptokenb=\toks19
) (C:\Users\niniv\AppData\Local\Programs\MiKTeX\tex/latex/lastpage\lastpage.sty
Package: lastpage 2025/08/14 v2.1h lastpage: 2.09 or 2e? (HMM)
 (C:\Users\niniv\AppData\Local\Programs\MiKTeX\tex/latex/lastpage\lastpage2e.sty
Package: lastpage2e 2025/08/14 v2.1h Decide which 2e lastpage version to use (HMM)
 (C:\Users\niniv\AppData\Local\Programs\MiKTeX\tex/latex/lastpage\lastpagemodern.sty
Package: lastpagemodern 2025-08-14 v2.1h Refers to last page's name (HMM; JPG)
\c@lastpagecount=\count286
) 
)) (C:\Users\niniv\AppData\Local\Programs\MiKTeX\tex/latex/base\inputenc.sty
Package: inputenc 2024/02/08 v1.3d Input encoding file
\inpenc@prehook=\toks20
\inpenc@posthook=\toks21
) (C:\Users\niniv\AppData\Local\Programs\MiKTeX\tex/latex/base\fontenc.sty
Package: fontenc 2025/07/18 v2.1d Standard LaTeX package
) (C:\Users\niniv\AppData\Local\Programs\MiKTeX\tex/latex/lm\lmodern.sty
Package: lmodern 2015/05/01 v1.6.1 Latin Modern Fonts
LaTeX Font Info:    Overwriting symbol font `operators' in version `normal'
(Font)                  OT1/cmr/m/n --> OT1/lmr/m/n on input line 22.
LaTeX Font Info:    Overwriting symbol font `letters' in version `normal'
(Font)                  OML/cmm/m/it --> OML/lmm/m/it on input line 23.
LaTeX Font Info:    Overwriting symbol font `symbols' in version `normal'
(Font)                  OMS/cmsy/m/n --> OMS/lmsy/m/n on input line 24.
LaTeX Font Info:    Overwriting symbol font `largesymbols' in version `normal'
(Font)                  OMX/cmex/m/n --> OMX/lmex/m/n on input line 25.
LaTeX Font Info:    Overwriting symbol font `operators' in version `bold'
(Font)                  OT1/cmr/bx/n --> OT1/lmr/bx/n on input line 26.
LaTeX Font Info:    Overwriting symbol font `letters' in version `bold'
(Font)                  OML/cmm/b/it --> OML/lmm/b/it on input line 27.
LaTeX Font Info:    Overwriting symbol font `symbols' in version `bold'
(Font)                  OMS/cmsy/b/n --> OMS/lmsy/b/n on input line 28.
LaTeX Font Info:    Overwriting symbol font `largesymbols' in version `bold'
(Font)                  OMX/cmex/m/n --> OMX/lmex/m/n on input line 29.
LaTeX Font Info:    Overwriting math alphabet `\mathbf' in version `normal'
(Font)                  OT1/cmr/bx/n --> OT1/lmr/bx/n on input line 31.
LaTeX Font Info:    Overwriting math alphabet `\mathsf' in version `normal'
(Font)                  OT1/cmss/m/n --> OT1/lmss/m/n on input line 32.
LaTeX Font Info:    Overwriting math alphabet `\mathit' in version `normal'
(Font)                  OT1/cmr/m/it --> OT1/lmr/m/it on input line 33.
LaTeX Font Info:    Overwriting math alphabet `\mathtt' in version `normal'
(Font)                  OT1/cmtt/m/n --> OT1/lmtt/m/n on input line 34.
LaTeX Font Info:    Overwriting math alphabet `\mathbf' in version `bold'
(Font)                  OT1/cmr/bx/n --> OT1/lmr/bx/n on input line 35.
LaTeX Font Info:    Overwriting math alphabet `\mathsf' in version `bold'
(Font)                  OT1/cmss/bx/n --> OT1/lmss/bx/n on input line 36.
LaTeX Font Info:    Overwriting math alphabet `\mathit' in version `bold'
(Font)                  OT1/cmr/bx/it --> OT1/lmr/bx/it on input line 37.
LaTeX Font Info:    Overwriting math alphabet `\mathtt' in version `bold'
(Font)                  OT1/cmtt/m/n --> OT1/lmtt/m/n on input line 38.
) (C:\Users\niniv\AppData\Local\Programs\MiKTeX\tex/latex/microtype\microtype.sty
Package: microtype 2026/03/01 v3.2d Micro-typographical refinements (RS)
 (C:\Users\niniv\AppData\Local\Programs\MiKTeX\tex/latex/etoolbox\etoolbox.sty
Package: etoolbox 2025/10/02 v2.5m e-TeX tools for LaTeX (JAW)
\etb@tempcnta=\count287
)
\MT@toks=\toks22
\MT@tempbox=\box53
\MT@count=\count288
LaTeX Info: Redefining \noprotrusionifhmode on input line 1084.
LaTeX Info: Redefining \leftprotrusion on input line 1085.
\MT@prot@toks=\toks23
LaTeX Info: Redefining \rightprotrusion on input line 1104.
LaTeX Info: Redefining \textls on input line 1449.
\MT@outer@kern=\dimen157
LaTeX Info: Redefining \microtypecontext on input line 2053.
LaTeX Info: Redefining \textmicrotypecontext on input line 2070.
\MT@listname@count=\count289
 (C:\Users\niniv\AppData\Local\Programs\MiKTeX\tex/latex/microtype\microtype-pdftex.def
File: microtype-pdftex.def 2026/03/01 v3.2d Definitions specific to pdftex (RS)
LaTeX Info: Redefining \lsstyle on input line 944.
LaTeX Info: Redefining \lslig on input line 944.
\MT@outer@space=\skip65
)
Package microtype Info: Loading configuration file microtype.cfg.
 (C:\Users\niniv\AppData\Local\Programs\MiKTeX\tex/latex/microtype\microtype.cfg
File: microtype.cfg 2026/03/01 v3.2d microtype main configuration file (RS)
)
LaTeX Info: Redefining \microtypesetup on input line 3065.
) (C:\Users\niniv\AppData\Local\Programs\MiKTeX\tex/latex/appendix\appendix.sty
Package: appendix 2020/02/08 v1.2c extra appendix facilities
\c@@pps=\count290
\c@@ppsavesec=\count291
\c@@ppsaveapp=\count292
) (C:\Users\niniv\AppData\Local\Programs\MiKTeX\tex/latex/amsmath\amsmath.sty
Package: amsmath 2025/07/09 v2.17z AMS math features
\@mathmargin=\skip66

For additional information on amsmath, use the `?' option.
(C:\Users\niniv\AppData\Local\Programs\MiKTeX\tex/latex/amsmath\amstext.sty
Package: amstext 2024/11/17 v2.01 AMS text
 (C:\Users\niniv\AppData\Local\Programs\MiKTeX\tex/latex/amsmath\amsgen.sty
File: amsgen.sty 1999/11/30 v2.0 generic functions
\@emptytoks=\toks24
\ex@=\dimen158
)) (C:\Users\niniv\AppData\Local\Programs\MiKTeX\tex/latex/amsmath\amsbsy.sty
Package: amsbsy 1999/11/29 v1.2d Bold Symbols
\pmbraise@=\dimen159
) (C:\Users\niniv\AppData\Local\Programs\MiKTeX\tex/latex/amsmath\amsopn.sty
Package: amsopn 2022/04/08 v2.04 operator names
)
\inf@bad=\count293
LaTeX Info: Redefining \frac on input line 233.
\uproot@=\count294
\leftroot@=\count295
LaTeX Info: Redefining \overline on input line 398.
LaTeX Info: Redefining \colon on input line 409.
\classnum@=\count296
\DOTSCASE@=\count297
LaTeX Info: Redefining \ldots on input line 495.
LaTeX Info: Redefining \dots on input line 498.
LaTeX Info: Redefining \cdots on input line 619.
\Mathstrutbox@=\box54
\strutbox@=\box55
LaTeX Info: Redefining \big on input line 721.
LaTeX Info: Redefining \Big on input line 722.
LaTeX Info: Redefining \bigg on input line 723.
LaTeX Info: Redefining \Bigg on input line 724.
\big@size=\dimen160
LaTeX Font Info:    Redeclaring font encoding OML on input line 742.
LaTeX Font Info:    Redeclaring font encoding OMS on input line 743.
\macc@depth=\count298
LaTeX Info: Redefining \bmod on input line 904.
LaTeX Info: Redefining \pmod on input line 909.
LaTeX Info: Redefining \smash on input line 939.
LaTeX Info: Redefining \relbar on input line 969.
LaTeX Info: Redefining \Relbar on input line 970.
\c@MaxMatrixCols=\count299
\dotsspace@=\muskip17
\c@parentequation=\count300
\dspbrk@lvl=\count301
\tag@help=\toks25
\row@=\count302
\column@=\count303
\maxfields@=\count304
\andhelp@=\toks26
\eqnshift@=\dimen161
\alignsep@=\dimen162
\tagshift@=\dimen163
\tagwidth@=\dimen164
\totwidth@=\dimen165
\lineht@=\dimen166
\@envbody=\toks27
\multlinegap=\skip67
\multlinetaggap=\skip68
\mathdisplay@stack=\toks28
LaTeX Info: Redefining \[ on input line 2950.
LaTeX Info: Redefining \] on input line 2951.
) (C:\Users\niniv\AppData\Local\Programs\MiKTeX\tex/latex/amsfonts\amssymb.sty
Package: amssymb 2013/01/14 v3.01 AMS font symbols
 (C:\Users\niniv\AppData\Local\Programs\MiKTeX\tex/latex/amsfonts\amsfonts.sty
Package: amsfonts 2013/01/14 v3.01 Basic AMSFonts support
\symAMSa=\mathgroup4
\symAMSb=\mathgroup5
LaTeX Font Info:    Redeclaring math symbol \hbar on input line 98.
LaTeX Font Info:    Overwriting math alphabet `\mathfrak' in version `bold'
(Font)                  U/euf/m/n --> U/euf/b/n on input line 106.
)) (C:\Users\niniv\AppData\Local\Programs\MiKTeX\tex/latex/amscls\amsthm.sty
Package: amsthm 2020/05/29 v2.20.6
\thm@style=\toks29
\thm@bodyfont=\toks30
\thm@headfont=\toks31
\thm@notefont=\toks32
\thm@headpunct=\toks33
\thm@preskip=\skip69
\thm@postskip=\skip70
\thm@headsep=\skip71
\dth@everypar=\toks34
) (C:\Users\niniv\AppData\Local\Programs\MiKTeX\tex/latex/threeparttable\threeparttable.sty
Package: threeparttable 2003/06/13  v 3.0
\@tempboxb=\box56
) (C:\Users\niniv\AppData\Local\Programs\MiKTeX\tex/latex/listings\listings.sty
\lst@mode=\count305
\lst@gtempboxa=\box57
\lst@token=\toks35
\lst@length=\count306
\lst@currlwidth=\dimen167
\lst@column=\count307
\lst@pos=\count308
\lst@lostspace=\dimen168
\lst@width=\dimen169
\lst@newlines=\count309
\lst@lineno=\count310
\lst@maxwidth=\dimen170
 (C:\Users\niniv\AppData\Local\Programs\MiKTeX\tex/latex/listings\lstpatch.sty
File: lstpatch.sty 2025/11/14 1.11b (Carsten Heinz)
) (C:\Users\niniv\AppData\Local\Programs\MiKTeX\tex/latex/listings\lstmisc.sty
File: lstmisc.sty 2025/11/14 1.11b (Carsten Heinz)
\c@lstnumber=\count311
\lst@skipnumbers=\count312
\lst@framebox=\box58
) (C:\Users\niniv\AppData\Local\Programs\MiKTeX\tex/latex/listings\listings.cfg
File: listings.cfg 2025/11/14 1.11b listings configuration
))
Package: listings 2025/11/14 1.11b (Carsten Heinz)

==> First Aid for listings.sty no longer applied!
    Expected:
        2024/09/23 1.10c (Carsten Heinz)
    but found:
        2025/11/14 1.11b (Carsten Heinz)
    so I'm assuming it got fixed.
(C:\Users\niniv\AppData\Local\Programs\MiKTeX\tex/latex/booktabs\booktabs.sty
Package: booktabs 2020/01/12 v1.61803398 Publication quality tables
\heavyrulewidth=\dimen171
\lightrulewidth=\dimen172
\cmidrulewidth=\dimen173
\belowrulesep=\dimen174
\belowbottomsep=\dimen175
\aboverulesep=\dimen176
\abovetopsep=\dimen177
\cmidrulesep=\dimen178
\cmidrulekern=\dimen179
\defaultaddspace=\dimen180
\@cmidla=\count313
\@cmidlb=\count314
\@aboverulesep=\dimen181
\@belowrulesep=\dimen182
\@thisruleclass=\count315
\@lastruleclass=\count316
\@thisrulewidth=\dimen183
) (C:\Users\niniv\AppData\Local\Programs\MiKTeX\tex/latex/xcolor\xcolor.sty
Package: xcolor 2024/09/29 v3.02 LaTeX color extensions (UK)
 (C:\Users\niniv\AppData\Local\Programs\MiKTeX\tex/latex/graphics-cfg\color.cfg
File: color.cfg 2016/01/02 v1.6 sample color configuration
)
Package xcolor Info: Driver file: pdftex.def on input line 274.
 (C:\Users\niniv\AppData\Local\Programs\MiKTeX\tex/latex/graphics-def\pdftex.def
File: pdftex.def 2025/09/29 v1.2d Graphics/color driver for pdftex
) (C:\Users\niniv\AppData\Local\Programs\MiKTeX\tex/latex/graphics\mathcolor.ltx)
Package xcolor Info: Model `cmy' substituted by `cmy0' on input line 1349.
Package xcolor Info: Model `hsb' substituted by `rgb' on input line 1353.
Package xcolor Info: Model `RGB' extended on input line 1365.
Package xcolor Info: Model `HTML' substituted by `rgb' on input line 1367.
Package xcolor Info: Model `Hsb' substituted by `hsb' on input line 1368.
Package xcolor Info: Model `tHsb' substituted by `hsb' on input line 1369.
Package xcolor Info: Model `HSB' substituted by `hsb' on input line 1370.
Package xcolor Info: Model `Gray' substituted by `gray' on input line 1371.
Package xcolor Info: Model `wave' substituted by `hsb' on input line 1372.
) (C:\Users\niniv\AppData\Local\Programs\MiKTeX\tex/latex/biblatex\biblatex.sty
Package: biblatex 2025/07/10 v3.21 programmable bibliographies (PK/MW)
 (C:\Users\niniv\AppData\Local\Programs\MiKTeX\tex/generic/pdftexcmds\pdftexcmds.sty
Package: pdftexcmds 2020-06-27 v0.33 Utility functions of pdfTeX for LuaTeX (HO)
 (C:\Users\niniv\AppData\Local\Programs\MiKTeX\tex/generic/infwarerr\infwarerr.sty
Package: infwarerr 2019/12/03 v1.5 Providing info/warning/error messages (HO)
) (C:\Users\niniv\AppData\Local\Programs\MiKTeX\tex/generic/ltxcmds\ltxcmds.sty
Package: ltxcmds 2023-12-04 v1.26 LaTeX kernel commands for general use (HO)
)
Package pdftexcmds Info: \pdf@primitive is available.
Package pdftexcmds Info: \pdf@ifprimitive is available.
Package pdftexcmds Info: \pdfdraftmode found.
) (C:\Users\niniv\AppData\Local\Programs\MiKTeX\tex/latex/kvoptions\kvoptions.sty
Package: kvoptions 2022-06-15 v3.15 Key value format for package options (HO)
 (C:\Users\niniv\AppData\Local\Programs\MiKTeX\tex/latex/kvsetkeys\kvsetkeys.sty
Package: kvsetkeys 2022-10-05 v1.19 Key value parser (HO)
)) (C:\Users\niniv\AppData\Local\Programs\MiKTeX\tex/latex/logreq\logreq.sty
Package: logreq 2010/08/04 v1.0 xml request logger
\lrq@indent=\count317
 (C:\Users\niniv\AppData\Local\Programs\MiKTeX\tex/latex/logreq\logreq.def
File: logreq.def 2010/08/04 v1.0 logreq spec v1.0
)) (C:\Users\niniv\AppData\Local\Programs\MiKTeX\tex/latex/base\ifthen.sty
Package: ifthen 2024/03/16 v1.1e Standard LaTeX ifthen package (DPC)
) (C:\Users\niniv\AppData\Local\Programs\MiKTeX\tex/latex/url\url.sty
\Urlmuskip=\muskip18
Package: url 2013/09/16  ver 3.4  Verb mode for urls, etc.
)
\c@tabx@nest=\count318
\c@listtotal=\count319
\c@listcount=\count320
\c@liststart=\count321
\c@liststop=\count322
\c@citecount=\count323
\c@citetotal=\count324
\c@multicitecount=\count325
\c@multicitetotal=\count326
\c@instcount=\count327
\c@maxnames=\count328
\c@minnames=\count329
\c@maxitems=\count330
\c@minitems=\count331
\c@citecounter=\count332
\c@maxcitecounter=\count333
\c@savedcitecounter=\count334
\c@uniquelist=\count335
\c@uniquename=\count336
\c@refsection=\count337
\c@refsegment=\count338
\c@maxextratitle=\count339
\c@maxextratitleyear=\count340
\c@maxextraname=\count341
\c@maxextradate=\count342
\c@maxextraalpha=\count343
\c@abbrvpenalty=\count344
\c@highnamepenalty=\count345
\c@lownamepenalty=\count346
\c@maxparens=\count347
\c@parenlevel=\count348
\blx@tempcnta=\count349
\blx@tempcntb=\count350
\blx@tempcntc=\count351
\c@blx@maxsection=\count352
\blx@maxsegment@0=\count353
\blx@notetype=\count354
\blx@parenlevel@text=\count355
\blx@parenlevel@foot=\count356
\blx@sectionciteorder@0=\count357
\blx@sectionciteorderinternal@0=\count358
\blx@entrysetcounter=\count359
\blx@biblioinstance=\count360
\labelnumberwidth=\skip72
\labelalphawidth=\skip73
\biblabelsep=\skip74
\bibitemsep=\skip75
\bibnamesep=\skip76
\bibinitsep=\skip77
\bibparsep=\skip78
\bibhang=\skip79
\blx@bcfin=\read2
\blx@bcfout=\write3
\blx@langwohyphens=\language79
\c@mincomprange=\count361
\c@maxcomprange=\count362
\c@mincompwidth=\count363
Package biblatex Info: Trying to load biblatex default data model...
Package biblatex Info: ... file 'blx-dm.def' found.
 (C:\Users\niniv\AppData\Local\Programs\MiKTeX\tex/latex/biblatex\blx-dm.def
File: blx-dm.def 2025/07/10 v3.21 biblatex datamodel (PK/MW)
)
Package biblatex Info: Trying to load biblatex style data model...
Package biblatex Info: ... file 'ieee.dbx' not found.
Package biblatex Info: Trying to load biblatex custom data model...
Package biblatex Info: ... file 'biblatex-dm.cfg' not found.
\c@afterword=\count364
\c@savedafterword=\count365
\c@annotator=\count366
\c@savedannotator=\count367
\c@author=\count368
\c@savedauthor=\count369
\c@bookauthor=\count370
\c@savedbookauthor=\count371
\c@commentator=\count372
\c@savedcommentator=\count373
\c@editor=\count374
\c@savededitor=\count375
\c@editora=\count376
\c@savededitora=\count377
\c@editorb=\count378
\c@savededitorb=\count379
\c@editorc=\count380
\c@savededitorc=\count381
\c@foreword=\count382
\c@savedforeword=\count383
\c@holder=\count384
\c@savedholder=\count385
\c@introduction=\count386
\c@savedintroduction=\count387
\c@namea=\count388
\c@savednamea=\count389
\c@nameb=\count390
\c@savednameb=\count391
\c@namec=\count392
\c@savednamec=\count393
\c@translator=\count394
\c@savedtranslator=\count395
\c@shortauthor=\count396
\c@savedshortauthor=\count397
\c@shorteditor=\count398
\c@savedshorteditor=\count399
\c@labelname=\count400
\c@savedlabelname=\count401
\c@institution=\count402
\c@savedinstitution=\count403
\c@lista=\count404
\c@savedlista=\count405
\c@listb=\count406
\c@savedlistb=\count407
\c@listc=\count408
\c@savedlistc=\count409
\c@listd=\count410
\c@savedlistd=\count411
\c@liste=\count412
\c@savedliste=\count413
\c@listf=\count414
\c@savedlistf=\count415
\c@location=\count416
\c@savedlocation=\count417
\c@organization=\count418
\c@savedorganization=\count419
\c@origlocation=\count420
\c@savedoriglocation=\count421
\c@origpublisher=\count422
\c@savedorigpublisher=\count423
\c@publisher=\count424
\c@savedpublisher=\count425
\c@language=\count426
\c@savedlanguage=\count427
\c@origlanguage=\count428
\c@savedoriglanguage=\count429
\c@pageref=\count430
\c@savedpageref=\count431
\shorthandwidth=\skip80
\shortjournalwidth=\skip81
\shortserieswidth=\skip82
\shorttitlewidth=\skip83
\shortauthorwidth=\skip84
\shorteditorwidth=\skip85
\locallabelnumberwidth=\skip86
\locallabelalphawidth=\skip87
\localshorthandwidth=\skip88
\localshortjournalwidth=\skip89
\localshortserieswidth=\skip90
\localshorttitlewidth=\skip91
\localshortauthorwidth=\skip92
\localshorteditorwidth=\skip93
Package biblatex Info: Trying to load compatibility code...
Package biblatex Info: ... file 'blx-compat.def' found.
 (C:\Users\niniv\AppData\Local\Programs\MiKTeX\tex/latex/biblatex\blx-compat.def
File: blx-compat.def 2025/07/10 v3.21 biblatex compatibility (PK/MW)
)
Package biblatex Info: Trying to load generic definitions...
Package biblatex Info: ... file 'biblatex.def' found.
 (C:\Users\niniv\AppData\Local\Programs\MiKTeX\tex/latex/biblatex\biblatex.def
File: biblatex.def 2025/07/10 v3.21 biblatex compatibility (PK/MW)
\c@textcitecount=\count432
\c@textcitetotal=\count433
\c@textcitemaxnames=\count434
\c@biburlbigbreakpenalty=\count435
\c@biburlbreakpenalty=\count436
\c@biburlnumpenalty=\count437
\c@biburlucpenalty=\count438
\c@biburllcpenalty=\count439
\biburlbigskip=\muskip19
\biburlnumskip=\muskip20
\biburlucskip=\muskip21
\biburllcskip=\muskip22
\c@smartand=\count440
)
Package biblatex Info: Trying to load bibliography style 'ieee'...
Package biblatex Info: ... file 'ieee.bbx' found.
 (C:\Users\niniv\AppData\Local\Programs\MiKTeX\tex/latex/biblatex-ieee\ieee.bbx
File: ieee.bbx 2025-08-01 v1.4f biblatex bibliography style
Package biblatex Info: Trying to load bibliography style 'numeric-comp'...
Package biblatex Info: ... file 'numeric-comp.bbx' found.
 (C:\Users\niniv\AppData\Local\Programs\MiKTeX\tex/latex/biblatex/bbx\numeric-comp.bbx
File: numeric-comp.bbx 2025/07/10 v3.21 biblatex bibliography style (PK/MW)
Package biblatex Info: Trying to load bibliography style 'numeric'...
Package biblatex Info: ... file 'numeric.bbx' found.
 (C:\Users\niniv\AppData\Local\Programs\MiKTeX\tex/latex/biblatex/bbx\numeric.bbx
File: numeric.bbx 2025/07/10 v3.21 biblatex bibliography style (PK/MW)
Package biblatex Info: Trying to load bibliography style 'standard'...
Package biblatex Info: ... file 'standard.bbx' found.
 (C:\Users\niniv\AppData\Local\Programs\MiKTeX\tex/latex/biblatex/bbx\standard.bbx
File: standard.bbx 2025/07/10 v3.21 biblatex bibliography style (PK/MW)
\c@bbx:relatedcount=\count441
\c@bbx:relatedtotal=\count442
))))
Package biblatex Info: Trying to load citation style 'ieee'...
Package biblatex Info: ... file 'ieee.cbx' found.
 (C:\Users\niniv\AppData\Local\Programs\MiKTeX\tex/latex/biblatex-ieee\ieee.cbx
File: ieee.cbx 2025-08-01 v1.4f biblatex citation style
Package biblatex Info: Trying to load citation style 'numeric-verb'...
Package biblatex Info: ... file 'numeric-verb.cbx' found.
 (C:\Users\niniv\AppData\Local\Programs\MiKTeX\tex/latex/biblatex/cbx\numeric-verb.cbx
File: numeric-verb.cbx 2025/07/10 v3.21 biblatex citation style (PK/MW)
Package biblatex Info: Redefining '\cite'.
Package biblatex Info: Redefining '\parencite'.
Package biblatex Info: Redefining '\footcite'.
Package biblatex Info: Redefining '\footcitetext'.
Package biblatex Info: Redefining '\smartcite'.
Package biblatex Info: Redefining '\textcite'.
Package biblatex Info: Redefining '\supercite'.
Package biblatex Info: Redefining '\parencites'.
Package biblatex Info: Redefining '\smartcites'.
Package biblatex Info: Redefining '\textcites'.
))
Package biblatex Info: Trying to load configuration file...
Package biblatex Info: ... file 'biblatex.cfg' found.
 (C:\Users\niniv\AppData\Local\Programs\MiKTeX\tex/latex/biblatex\biblatex.cfg
File: biblatex.cfg 
)
Package biblatex Info: Input encoding 'utf8' detected.
Package biblatex Info: Document encoding is UTF8 ....
 (C:\Users\niniv\AppData\Local\Programs\MiKTeX\tex/latex/l3kernel\expl3.sty
Package: expl3 2025-12-24 L3 programming layer (loader) 
 (C:\Users\niniv\AppData\Local\Programs\MiKTeX\tex/latex/l3backend\l3backend-pdftex.def
File: l3backend-pdftex.def 2025-10-09 L3 backend support: PDF output (pdfTeX)
\l__color_backend_stack_int=\count443
))
Package biblatex Info: ... and expl3
(biblatex)             2025-12-24 L3 programming layer (loader) 
(biblatex)             is new enough (at least 2020/04/06),
(biblatex)             setting 'casechanger=expl3'.
 (C:\Users\niniv\AppData\Local\Programs\MiKTeX\tex/latex/biblatex\blx-case-expl3.sty (C:\Users\niniv\AppData\Local\Programs\MiKTeX\tex/latex/l3packages/xparse\xparse.sty
Package: xparse 2025-10-09 L3 Experimental document command parser
)
Package: blx-case-expl3 2025/07/10 v3.21 expl3 case changing code for biblatex
)) (C:\Users\niniv\AppData\Local\Programs\MiKTeX\tex/latex/graphics\graphicx.sty
Package: graphicx 2024/12/31 v1.2e Enhanced LaTeX Graphics (DPC,SPQR)
 (C:\Users\niniv\AppData\Local\Programs\MiKTeX\tex/latex/graphics\graphics.sty
Package: graphics 2024/08/06 v1.4g Standard LaTeX Graphics (DPC,SPQR)
 (C:\Users\niniv\AppData\Local\Programs\MiKTeX\tex/latex/graphics\trig.sty
Package: trig 2023/12/02 v1.11 sin cos tan (DPC)
) (C:\Users\niniv\AppData\Local\Programs\MiKTeX\tex/latex/graphics-cfg\graphics.cfg
File: graphics.cfg 2016/06/04 v1.11 sample graphics configuration
)
Package graphics Info: Driver file: pdftex.def on input line 106.
)
\Gin@req@height=\dimen184
\Gin@req@width=\dimen185
) (C:\Users\niniv\AppData\Local\Programs\MiKTeX\tex/latex/float\float.sty
Package: float 2001/11/08 v1.3d Float enhancements (AL)
\c@float@type=\count444
\float@exts=\toks36
\float@box=\box59
\@float@everytoks=\toks37
\@floatcapt=\box60
) (C:\Users\niniv\AppData\Local\Programs\MiKTeX\tex/latex/caption\caption.sty
Package: caption 2023/08/05 v3.6o Customizing captions (AR)
 (C:\Users\niniv\AppData\Local\Programs\MiKTeX\tex/latex/caption\caption3.sty
Package: caption3 2023/07/31 v2.4d caption3 kernel (AR)
\caption@tempdima=\dimen186
\captionmargin=\dimen187
\caption@leftmargin=\dimen188
\caption@rightmargin=\dimen189
\caption@width=\dimen190
\caption@indent=\dimen191
\caption@parindent=\dimen192
\caption@hangindent=\dimen193
Package caption Info: Standard document class detected.
)
\c@caption@flags=\count445
\c@continuedfloat=\count446
Package caption Info: float package is loaded.
Package caption Info: listings package is loaded.
Package caption Info: threeparttable package is loaded.
)
\@quotelevel=\count447
\@quotereset=\count448
LaTeX Font Info:    Trying to load font information for T1+lmr on input line 80.
 (C:\Users\niniv\AppData\Local\Programs\MiKTeX\tex/latex/lm\t1lmr.fd
File: t1lmr.fd 2015/05/01 v1.6.1 Font defs for Latin Modern
) (main.aux

LaTeX Warning: Label `fig:orig_tune_t' multiply defined.

)
\openout1 = `main.aux'.

LaTeX Font Info:    Checking defaults for OML/cmm/m/it on input line 80.
LaTeX Font Info:    ... okay on input line 80.
LaTeX Font Info:    Checking defaults for OMS/cmsy/m/n on input line 80.
LaTeX Font Info:    ... okay on input line 80.
LaTeX Font Info:    Checking defaults for OT1/cmr/m/n on input line 80.
LaTeX Font Info:    ... okay on input line 80.
LaTeX Font Info:    Checking defaults for T1/cmr/m/n on input line 80.
LaTeX Font Info:    ... okay on input line 80.
LaTeX Font Info:    Checking defaults for TS1/cmr/m/n on input line 80.
LaTeX Font Info:    ... okay on input line 80.
LaTeX Font Info:    Checking defaults for OMX/cmex/m/n on input line 80.
LaTeX Font Info:    ... okay on input line 80.
LaTeX Font Info:    Checking defaults for U/cmr/m/n on input line 80.
LaTeX Font Info:    ... okay on input line 80.

*geometry* driver: auto-detecting
*geometry* detected driver: pdftex
*geometry* verbose mode - [ preamble ] result:
* driver: pdftex
* paper: a4paper
* layout: <same size as paper>
* layoutoffset:(h,v)=(0.0pt,0.0pt)
* modes: 
* h-part:(L,W,R)=(71.13188pt, 455.24411pt, 71.13188pt)
* v-part:(T,H,B)=(71.13188pt, 702.78308pt, 71.13188pt)
* \paperwidth=597.50787pt
* \paperheight=845.04684pt
* \textwidth=455.24411pt
* \textheight=702.78308pt
* \oddsidemargin=-1.1381pt
* \evensidemargin=-1.1381pt
* \topmargin=-38.1381pt
* \headheight=12.0pt
* \headsep=25.0pt
* \topskip=10.0pt
* \footskip=30.0pt
* \marginparwidth=57.0pt
* \marginparsep=11.0pt
* \columnsep=10.0pt
* \skip\footins=9.0pt plus 4.0pt minus 2.0pt
* \hoffset=0.0pt
* \voffset=0.0pt
* \mag=1000
* \@twocolumnfalse
* \@twosidefalse
* \@mparswitchfalse
* \@reversemarginfalse
* (1in=72.27pt=25.4mm, 1cm=28.453pt)

LaTeX Info: Redefining \microtypecontext on input line 80.
Package microtype Info: Applying patch `item' on input line 80.
Package microtype Info: Applying patch `toc' on input line 80.
Package microtype Info: Applying patch `eqnum' on input line 80.
Package microtype Info: Applying patch `footnote' on input line 80.
Package microtype Info: Applying patch `verbatim' on input line 80.
LaTeX Info: Redefining \microtypesetup on input line 80.
Package microtype Info: Generating PDF output.
Package microtype Info: Character protrusion enabled (level 2).
Package microtype Info: Using default protrusion set `alltext'.
Package microtype Info: Automatic font expansion enabled (level 2),
(microtype)             stretch: 20, shrink: 20, step: 1, non-selected.
Package microtype Info: Using default expansion set `alltext-nott'.
Package microtype Info: Patching command `\showhyphens'.
Package microtype Info: No adjustment of tracking.
Package microtype Info: No adjustment of interword spacing.
Package microtype Info: No adjustment of character kerning.
(C:\Users\niniv\AppData\Local\Programs\MiKTeX\tex/latex/microtype\mt-cmr.cfg
File: mt-cmr.cfg 2013/05/19 v2.2 microtype config. file: Computer Modern Roman (RS)
)
\c@lstlisting=\count449
 (C:\Users\niniv\AppData\Local\Programs\MiKTeX\tex/context/base/mkii\supp-pdf.mkii
[Loading MPS to PDF converter (version 2006.09.02).]
\scratchcounter=\count450
\scratchdimen=\dimen194
\scratchbox=\box61
\nofMPsegments=\count451
\nofMParguments=\count452
\everyMPshowfont=\toks38
\MPscratchCnt=\count453
\MPscratchDim=\dimen195
\MPnumerator=\count454
\makeMPintoPDFobject=\count455
\everyMPtoPDFconversion=\toks39
) (C:\Users\niniv\AppData\Local\Programs\MiKTeX\tex/latex/epstopdf-pkg\epstopdf-base.sty
Package: epstopdf-base 2020-01-24 v2.11 Base part for package epstopdf
Package epstopdf-base Info: Redefining graphics rule for `.eps' on input line 485.
 (C:\Users\niniv\AppData\Local\Programs\MiKTeX\tex/latex/00miktex\epstopdf-sys.cfg
File: epstopdf-sys.cfg 2021/03/18 v2.0 Configuration of epstopdf for MiKTeX
))
Package biblatex Info: Trying to load language 'english'...
Package biblatex Info: ... file 'english.lbx' found.
 (C:\Users\niniv\AppData\Local\Programs\MiKTeX\tex/latex/biblatex/lbx\english.lbx
File: english.lbx 2025/07/10 v3.21 biblatex localization (PK/MW)
)
Package biblatex Info: Input encoding 'utf8' detected.
Package biblatex Info: Automatic encoding selection.
(biblatex)             Assuming data encoding 'utf8'.
\openout3 = `main.bcf'.

Package biblatex Info: Trying to load bibliographic data...
Package biblatex Info: ... file 'main.bbl' found.
 (main.bbl)
Package biblatex Info: Reference section=0 on input line 80.
Package biblatex Info: Reference segment=0 on input line 80.
Package caption Info: Begin \AtBeginDocument code.
Package caption Info: End \AtBeginDocument code.
LaTeX Font Info:    Trying to load font information for OT1+lmr on input line 83.
 (C:\Users\niniv\AppData\Local\Programs\MiKTeX\tex/latex/lm\ot1lmr.fd
File: ot1lmr.fd 2015/05/01 v1.6.1 Font defs for Latin Modern
)
LaTeX Font Info:    Trying to load font information for OML+lmm on input line 83.
 (C:\Users\niniv\AppData\Local\Programs\MiKTeX\tex/latex/lm\omllmm.fd
File: omllmm.fd 2015/05/01 v1.6.1 Font defs for Latin Modern
)
LaTeX Font Info:    Trying to load font information for OMS+lmsy on input line 83.
 (C:\Users\niniv\AppData\Local\Programs\MiKTeX\tex/latex/lm\omslmsy.fd
File: omslmsy.fd 2015/05/01 v1.6.1 Font defs for Latin Modern
)
LaTeX Font Info:    Trying to load font information for OMX+lmex on input line 83.
 (C:\Users\niniv\AppData\Local\Programs\MiKTeX\tex/latex/lm\omxlmex.fd
File: omxlmex.fd 2015/05/01 v1.6.1 Font defs for Latin Modern
)
LaTeX Font Info:    External font `lmex10' loaded for size
(Font)              <12> on input line 83.
LaTeX Font Info:    External font `lmex10' loaded for size
(Font)              <8> on input line 83.
LaTeX Font Info:    External font `lmex10' loaded for size
(Font)              <6> on input line 83.
LaTeX Font Info:    Trying to load font information for U+msa on input line 83.
 (C:\Users\niniv\AppData\Local\Programs\MiKTeX\tex/latex/amsfonts\umsa.fd
File: umsa.fd 2013/01/14 v3.01 AMS symbols A
) (C:\Users\niniv\AppData\Local\Programs\MiKTeX\tex/latex/microtype\mt-msa.cfg
File: mt-msa.cfg 2006/02/04 v1.1 microtype config. file: AMS symbols (a) (RS)
)
LaTeX Font Info:    Trying to load font information for U+msb on input line 83.
 (C:\Users\niniv\AppData\Local\Programs\MiKTeX\tex/latex/amsfonts\umsb.fd
File: umsb.fd 2013/01/14 v3.01 AMS symbols B
) (C:\Users\niniv\AppData\Local\Programs\MiKTeX\tex/latex/microtype\mt-msb.cfg
File: mt-msb.cfg 2005/06/01 v1.0 microtype config. file: AMS symbols (b) (RS)
) (abstract.tex) (main.toc
LaTeX Font Info:    External font `lmex10' loaded for size
(Font)              <10> on input line 2.
LaTeX Font Info:    External font `lmex10' loaded for size
(Font)              <7> on input line 2.
LaTeX Font Info:    External font `lmex10' loaded for size
(Font)              <5> on input line 2.
LaTeX Font Info:    Trying to load font information for T1+lmtt on input line 17.
 (C:\Users\niniv\AppData\Local\Programs\MiKTeX\tex/latex/lm\t1lmtt.fd
File: t1lmtt.fd 2015/05/01 v1.6.1 Font defs for Latin Modern
)
Package microtype Info: Loading generic protrusion settings for font family
(microtype)             `lmtt' (encoding: T1).
(microtype)             For optimal results, create family-specific settings.
(microtype)             See the microtype manual for details.
 [1

{C:/Users/niniv/AppData/Local/MiKTeX/fonts/map/pdftex/pdftex.map}{C:/Users/niniv/AppData/Local/Programs/MiKTeX/fonts/enc/dvips/lm/lm-ec.enc}{C:/Users/niniv/AppData/Local/Programs/MiKTeX/fonts/enc/dvips/lm/lm-rm.enc}{C:/Users/niniv/AppData/Local/Programs/MiKTeX/fonts/enc/dvips/lm/lm-mathsy.enc}])
\tf@toc=\write4
\openout4 = `main.toc'.

 (Sections/01_introduction.tex [2{C:/Users/niniv/AppData/Local/Programs/MiKTeX/fonts/enc/dvips/lm/lm-mathit.enc}{C:/Users/niniv/AppData/Local/Programs/MiKTeX/fonts/enc/dvips/lm/lm-mathex.enc}]
LaTeX Font Info:    Trying to load font information for TS1+lmr on input line 23.
 (C:\Users\niniv\AppData\Local\Programs\MiKTeX\tex/latex/lm\ts1lmr.fd
File: ts1lmr.fd 2015/05/01 v1.6.1 Font defs for Latin Modern
)) (Sections/02_experimental_setup.tex (Tables/cpu_specs.tex) [3{C:/Users/niniv/AppData/Local/Programs/MiKTeX/fonts/enc/dvips/lm/lm-ts1.enc}] (Tables/gpu_specs_colab.tex) [4] (Tables/software_env.tex) [5] [6] (C:\Users\niniv\AppData\Local\Programs\MiKTeX\tex/latex/listings\lstlang1.sty
File: lstlang1.sty 2025/11/14 1.11b listings language file
) (C:\Users\niniv\AppData\Local\Programs\MiKTeX\tex/latex/listings\lstmisc.sty
File: lstmisc.sty 2025/11/14 1.11b (Carsten Heinz)
)
LaTeX Font Info:    Font shape `T1/lmtt/bx/n' in size <9> not available
(Font)              Font shape `T1/lmtt/b/n' tried instead on input line 109.
LaTeX Font Info:    Font shape `T1/lmtt/bx/n' in size <10> not available
(Font)              Font shape `T1/lmtt/b/n' tried instead on input line 127.
) [7] (Sections/03_sequential.tex (Sections/icc optimizations/icc_0.tex
<Images/all_o0.png, id=48, 722.7pt x 433.62pt>
File: Images/all_o0.png Graphic file (type png)
<use Images/all_o0.png>
Package pdftex.def Info: Images/all_o0.png  used on input line 10.
(pdftex.def)             Requested size: 358.50836pt x 215.1024pt.
LaTeX Font Info:    External font `lmex10' loaded for size
(Font)              <9> on input line 11.
 [8 <./Images/all_o0.png>]
<Images/icc_o0_roofline.png, id=55, 1440.13031pt x 652.68843pt>
File: Images/icc_o0_roofline.png Graphic file (type png)
<use Images/icc_o0_roofline.png>
Package pdftex.def Info: Images/icc_o0_roofline.png  used on input line 26.
(pdftex.def)             Requested size: 455.24411pt x 206.315pt.
 (Tables/icc_0_valgrind.tex) [9 <./Images/icc_o0_roofline.png>]) (Sections/icc optimizations/icc_1.tex
<Images/all_o1.png, id=61, 722.7pt x 433.62pt>
File: Images/all_o1.png Graphic file (type png)
<use Images/all_o1.png>
Package pdftex.def Info: Images/all_o1.png  used on input line 10.
(pdftex.def)             Requested size: 358.50836pt x 215.1024pt.
<Images/icc_o1_roofline.png, id=62, 922.94812pt x 612.03656pt>
File: Images/icc_o1_roofline.png Graphic file (type png)
<use Images/icc_o1_roofline.png>
Package pdftex.def Info: Images/icc_o1_roofline.png  used on input line 32.
(pdftex.def)             Requested size: 455.24411pt x 301.88972pt.
 [10 <./Images/all_o1.png>] (Tables/icc_1_valgrind.tex) [11 <./Images/icc_o1_roofline.png>]) (Sections/icc optimizations/icc_2.tex
<Images/all_o2.png, id=72, 722.7pt x 433.62pt>
File: Images/all_o2.png Graphic file (type png)
<use Images/all_o2.png>
Package pdftex.def Info: Images/all_o2.png  used on input line 6.
(pdftex.def)             Requested size: 364.19667pt x 218.51653pt.
<Images/icc_o2_roofline.png, id=73, 1439.3775pt x 636.87938pt>
File: Images/icc_o2_roofline.png Graphic file (type png)
<use Images/icc_o2_roofline.png>
Package pdftex.def Info: Images/icc_o2_roofline.png  used on input line 18.
(pdftex.def)             Requested size: 455.24411pt x 201.43437pt.
 [12 <./Images/all_o2.png>] (Tables/icc_2_valgrind.tex) [13 <./Images/icc_o2_roofline.png>]) (Sections/icc optimizations/icc_3.tex
<Images/all_o3.png, id=83, 722.7pt x 433.62pt>
File: Images/all_o3.png Graphic file (type png)
<use Images/all_o3.png>
Package pdftex.def Info: Images/all_o3.png  used on input line 7.
(pdftex.def)             Requested size: 364.19667pt x 218.51653pt.
 [14 <./Images/all_o3.png>]
<Images/ICC_O3_Roofline.png, id=88, 1440.88312pt x 653.44125pt>
File: Images/ICC_O3_Roofline.png Graphic file (type png)
<use Images/ICC_O3_Roofline.png>
Package pdftex.def Info: Images/ICC_O3_Roofline.png  used on input line 43.
(pdftex.def)             Requested size: 455.24411pt x 206.45326pt.
 [15 <./Images/ICC_O3_Roofline.png>] (Tables/icc_3_valgrind.tex)) (Sections/icc optimizations/icc_better.tex
LaTeX Font Info:    Font shape `T1/lmtt/bx/n' in size <12> not available
(Font)              Font shape `T1/lmtt/b/n' tried instead on input line 2.
 (Tables/icc_better_flags.tex) [16] [17]
<Images/icc_better_roofline.png, id=101, 1110.39844pt x 648.92438pt>
File: Images/icc_better_roofline.png Graphic file (type png)
<use Images/icc_better_roofline.png>
Package pdftex.def Info: Images/icc_better_roofline.png  used on input line 56.
(pdftex.def)             Requested size: 455.24411pt x 266.05081pt.
 [18 <./Images/icc_better_roofline.png>]
<Images/icc_icx_max.png, id=106, 722.7pt x 433.62pt>
File: Images/icc_icx_max.png Graphic file (type png)
<use Images/icc_icx_max.png>
Package pdftex.def Info: Images/icc_icx_max.png  used on input line 69.
(pdftex.def)             Requested size: 364.19667pt x 218.51653pt.
 [19 <./Images/icc_icx_max.png>]
<Images/icc_icx_aligned.png, id=114, 722.7pt x 433.62pt>
File: Images/icc_icx_aligned.png Graphic file (type png)
<use Images/icc_icx_aligned.png>
Package pdftex.def Info: Images/icc_icx_aligned.png  used on input line 137.
(pdftex.def)             Requested size: 364.19667pt x 218.51653pt.
 [20]) (Sections/icc optimizations/icc_best.tex [21 <./Images/icc_icx_aligned.png>]
<Images/icx_4096_vs_5000.png, id=122, 1890.06125pt x 700.6175pt>
File: Images/icx_4096_vs_5000.png Graphic file (type png)
<use Images/icx_4096_vs_5000.png>
Package pdftex.def Info: Images/icx_4096_vs_5000.png  used on input line 38.
(pdftex.def)             Requested size: 455.24411pt x 168.7503pt.
 [22 <./Images/icx_4096_vs_5000.png>]
<Images/icc_icx_const.png, id=126, 722.7pt x 433.62pt>
File: Images/icc_icx_const.png Graphic file (type png)
<use Images/icc_icx_const.png>
Package pdftex.def Info: Images/icc_icx_const.png  used on input line 69.
(pdftex.def)             Requested size: 364.19667pt x 218.51653pt.
) (Sections/icc optimizations/blas_like_impl.tex [23 <./Images/icc_icx_const.png>] [24]
<Images/openblas_vs_blas_roofline.png, id=135, 1460.45625pt x 590.205pt>
File: Images/openblas_vs_blas_roofline.png Graphic file (type png)
<use Images/openblas_vs_blas_roofline.png>
Package pdftex.def Info: Images/openblas_vs_blas_roofline.png  used on input line 100.
(pdftex.def)             Requested size: 455.24411pt x 183.9703pt.
 [25]
<Images/blas_vs_openblas.png, id=142, 722.7pt x 433.62pt>
File: Images/blas_vs_openblas.png Graphic file (type png)
<use Images/blas_vs_openblas.png>
Package pdftex.def Info: Images/blas_vs_openblas.png  used on input line 114.
(pdftex.def)             Requested size: 364.19667pt x 218.51653pt.
)
<Images/all_5000.png, id=143, 578.16pt x 433.62pt>
File: Images/all_5000.png Graphic file (type png)
<use Images/all_5000.png>
Package pdftex.def Info: Images/all_5000.png  used on input line 67.
(pdftex.def)             Requested size: 364.19667pt x 273.14235pt.
 [26 <./Images/openblas_vs_blas_roofline.png> <./Images/blas_vs_openblas.png>] (Tables/sequential_comparison.tex)) [27 <./Images/all_5000.png>] (Sections/04_OPENMP.tex (Sections/openmp/original.tex [28]
<Images/orig_t_tuning.png, id=156, 650.43pt x 433.62pt>
File: Images/orig_t_tuning.png Graphic file (type png)
<use Images/orig_t_tuning.png>
Package pdftex.def Info: Images/orig_t_tuning.png  used on input line 39.
(pdftex.def)             Requested size: 455.24411pt x 303.50546pt.
 [29 <./Images/orig_t_tuning.png>]) (Sections/openmp/blas_like.tex [30]
<Images/blas_like_t_tuning.png, id=164, 650.43pt x 433.62pt>
File: Images/blas_like_t_tuning.png Graphic file (type png)
<use Images/blas_like_t_tuning.png>
Package pdftex.def Info: Images/blas_like_t_tuning.png  used on input line 66.
(pdftex.def)             Requested size: 386.96027pt x 257.97733pt.
 [31]
<Images/blas_intel.png, id=169, 1453.43pt x 787.94376pt>
File: Images/blas_intel.png Graphic file (type png)
<use Images/blas_intel.png>
Package pdftex.def Info: Images/blas_intel.png  used on input line 77.
(pdftex.def)             Requested size: 455.24411pt x 246.7969pt.
<Images/blas_comparison_15000.png, id=170, 794.97pt x 578.16pt>
File: Images/blas_comparison_15000.png Graphic file (type png)
<use Images/blas_comparison_15000.png>
Package pdftex.def Info: Images/blas_comparison_15000.png  used on input line 86.
(pdftex.def)             Requested size: 455.24411pt x 331.09846pt.
 [32 <./Images/blas_like_t_tuning.png> <./Images/blas_intel.png>] [33 <./Images/blas_comparison_15000.png>]
<Images/blas_like_scheduling.png, id=179, 722.7pt x 433.62pt>
File: Images/blas_like_scheduling.png Graphic file (type png)
<use Images/blas_like_scheduling.png>
Package pdftex.def Info: Images/blas_like_scheduling.png  used on input line 108.
(pdftex.def)             Requested size: 455.24411pt x 273.14896pt.
<Images/blas_like_binding_bind.png, id=180, 722.7pt x 433.62pt>
File: Images/blas_like_binding_bind.png Graphic file (type png)
<use Images/blas_like_binding_bind.png>
Package pdftex.def Info: Images/blas_like_binding_bind.png  used on input line 127.
(pdftex.def)             Requested size: 455.24411pt x 273.14896pt.
 [34 <./Images/blas_like_scheduling.png>])
<Images/mkl_t_tuning.png, id=185, 650.43pt x 433.62pt>
File: Images/mkl_t_tuning.png Graphic file (type png)
<use Images/mkl_t_tuning.png>
Package pdftex.def Info: Images/mkl_t_tuning.png  used on input line 49.
(pdftex.def)             Requested size: 455.24411pt x 303.50546pt.
 [35 <./Images/blas_like_binding_bind.png>]) [36 <./Images/mkl_t_tuning.png>] (Sections/05_CUDA.tex [37]
<Images/naive_heatmap.png, id=198, 722.7pt x 578.16pt>
File: Images/naive_heatmap.png Graphic file (type png)
<use Images/naive_heatmap.png>
Package pdftex.def Info: Images/naive_heatmap.png  used on input line 71.
(pdftex.def)             Requested size: 364.19667pt x 291.35536pt.
 [38 <./Images/naive_heatmap.png>] [39] [40] [41] [42]
Overfull \hbox (41.00465pt too wide) in paragraph at lines 317--318
\T1/lmtt/m/n/10 ptxas info : Used 42 registers, used 1 barriers, 16384 bytes smem, 384 bytes cmem[0] 
 []

[43] [44]) [45] (Sections/06_MPI.tex
<Images/mpi-plot_1_execution_time.png, id=225, 722.7pt x 433.62pt>
File: Images/mpi-plot_1_execution_time.png Graphic file (type png)
<use Images/mpi-plot_1_execution_time.png>
Package pdftex.def Info: Images/mpi-plot_1_execution_time.png  used on input line 24.
(pdftex.def)             Requested size: 364.19667pt x 218.51653pt.
 [46 <./Images/mpi-plot_1_execution_time.png>]
<Images/mpi-plot_5_time_vs_n.png, id=230, 722.7pt x 433.62pt>
File: Images/mpi-plot_5_time_vs_n.png Graphic file (type png)
<use Images/mpi-plot_5_time_vs_n.png>
Package pdftex.def Info: Images/mpi-plot_5_time_vs_n.png  used on input line 35.
(pdftex.def)             Requested size: 364.19667pt x 218.51653pt.
<Images/mpi-plot_2_speedup.png, id=231, 722.7pt x 433.62pt>
File: Images/mpi-plot_2_speedup.png Graphic file (type png)
<use Images/mpi-plot_2_speedup.png>
Package pdftex.def Info: Images/mpi-plot_2_speedup.png  used on input line 52.
(pdftex.def)             Requested size: 364.19667pt x 218.51653pt.
 [47 <./Images/mpi-plot_5_time_vs_n.png>]
<Images/mpi-plot_3_efficiency.png, id=236, 722.7pt x 433.62pt>
File: Images/mpi-plot_3_efficiency.png Graphic file (type png)
<use Images/mpi-plot_3_efficiency.png>
Package pdftex.def Info: Images/mpi-plot_3_efficiency.png  used on input line 59.
(pdftex.def)             Requested size: 364.19667pt x 218.51653pt.
<Images/mpi-plot_6_efficiency_heatmap.png, id=237, 722.7pt x 578.16pt>
File: Images/mpi-plot_6_efficiency_heatmap.png Graphic file (type png)
<use Images/mpi-plot_6_efficiency_heatmap.png>
Package pdftex.def Info: Images/mpi-plot_6_efficiency_heatmap.png  used on input line 68.
(pdftex.def)             Requested size: 341.43307pt x 273.14676pt.
 [48 <./Images/mpi-plot_2_speedup.png> <./Images/mpi-plot_3_efficiency.png>]
<Images/mpi-plot_4_gflops.png, id=243, 722.7pt x 433.62pt>
File: Images/mpi-plot_4_gflops.png Graphic file (type png)
<use Images/mpi-plot_4_gflops.png>
Package pdftex.def Info: Images/mpi-plot_4_gflops.png  used on input line 80.
(pdftex.def)             Requested size: 364.19667pt x 218.51653pt.
 [49 <./Images/mpi-plot_6_efficiency_heatmap.png> <./Images/mpi-plot_4_gflops.png>]) [50] (Sections/07_RESULTS.tex) [51] (appendices/algorithms.tex
<appendices/tiling.png, id=256, 853.1875pt x 369.38pt>
File: appendices/tiling.png Graphic file (type png)
<use appendices/tiling.png>
Package pdftex.def Info: appendices/tiling.png  used on input line 40.
(pdftex.def)             Requested size: 364.19667pt x 157.6805pt.
 [52]
<appendices/blas.png, id=261, 891.33pt x 654.445pt>
File: appendices/blas.png Graphic file (type png)
<use appendices/blas.png>
Package pdftex.def Info: appendices/blas.png  used on input line 59.
(pdftex.def)             Requested size: 455.24411pt x 334.25185pt.
 [53 <./appendices/tiling.png>] [54 <./appendices/blas.png>]) [55] (appendices/caching.tex [56] [57]) [58] [59] 
enddocument/afterlastpage (AED): lastpage setting LastPage.
(main.aux)
 ***********
LaTeX2e <2025-11-01>
L3 programming layer <2025-12-24>
 ***********


LaTeX Warning: There were multiply-defined labels.

Package logreq Info: Writing requests to 'main.run.xml'.
\openout1 = `main.run.xml'.

 ) 
Here is how much of TeX's memory you used:
 19479 strings out of 467870
 352845 string characters out of 5418355
 1539826 words of memory out of 5000000
 47663 multiletter control sequences out of 15000+600000
 732122 words of font info for 276 fonts, out of 8000000 for 9000
 1141 hyphenation exceptions out of 8191
 63i,17n,69p,1066b,2015s stack positions out of 10000i,1000n,20000p,200000b,200000s
<C:/Users/niniv/AppData/Local/Programs/MiKTeX/fonts/type1/public/lm/lmbx10.pfb><C:/Users/niniv/AppData/Local/Programs/MiKTeX/fonts/type1/public/lm/lmbx12.pfb><C:/Users/niniv/AppData/Local/Programs/MiKTeX/fonts/type1/public/lm/lmbx8.pfb><C:/Users/niniv/AppData/Local/Programs/MiKTeX/fonts/type1/public/lm/lmbx9.pfb><C:/Users/niniv/AppData/Local/Programs/MiKTeX/fonts/type1/public/lm/lmex10.pfb><C:/Users/niniv/AppData/Local/Programs/MiKTeX/fonts/type1/public/lm/lmmi10.pfb><C:/Users/niniv/AppData/Local/Programs/MiKTeX/fonts/type1/public/lm/lmmi12.pfb><C:/Users/niniv/AppData/Local/Programs/MiKTeX/fonts/type1/public/lm/lmmi6.pfb><C:/Users/niniv/AppData/Local/Programs/MiKTeX/fonts/type1/public/lm/lmmi7.pfb><C:/Users/niniv/AppData/Local/Programs/MiKTeX/fonts/type1/public/lm/lmmi8.pfb><C:/Users/niniv/AppData/Local/Programs/MiKTeX/fonts/type1/public/lm/lmmi9.pfb><C:/Users/niniv/AppData/Local/Programs/MiKTeX/fonts/type1/public/lm/lmr10.pfb><C:/Users/niniv/AppData/Local/Programs/MiKTeX/fonts/type1/public/lm/lmr12.pfb><C:/Users/niniv/AppData/Local/Programs/MiKTeX/fonts/type1/public/lm/lmr17.pfb><C:/Users/niniv/AppData/Local/Programs/MiKTeX/fonts/type1/public/lm/lmr5.pfb><C:/Users/niniv/AppData/Local/Programs/MiKTeX/fonts/type1/public/lm/lmr6.pfb><C:/Users/niniv/AppData/Local/Programs/MiKTeX/fonts/type1/public/lm/lmr7.pfb><C:/Users/niniv/AppData/Local/Programs/MiKTeX/fonts/type1/public/lm/lmr8.pfb><C:/Users/niniv/AppData/Local/Programs/MiKTeX/fonts/type1/public/lm/lmr9.pfb><C:/Users/niniv/AppData/Local/Programs/MiKTeX/fonts/type1/public/lm/lmri10.pfb><C:/Users/niniv/AppData/Local/Programs/MiKTeX/fonts/type1/public/lm/lmri8.pfb><C:/Users/niniv/AppData/Local/Programs/MiKTeX/fonts/type1/public/lm/lmsy10.pfb><C:/Users/niniv/AppData/Local/Programs/MiKTeX/fonts/type1/public/lm/lmsy5.pfb><C:/Users/niniv/AppData/Local/Programs/MiKTeX/fonts/type1/public/lm/lmsy7.pfb><C:/Users/niniv/AppData/Local/Programs/MiKTeX/fonts/type1/public/lm/lmsy8.pfb><C:/Users/niniv/AppData/Local/Programs/MiKTeX/fonts/type1/public/lm/lmsy9.pfb><C:/Users/niniv/AppData/Local/Programs/MiKTeX/fonts/type1/public/lm/lmtk10.pfb><C:/Users/niniv/AppData/Local/Programs/MiKTeX/fonts/type1/public/lm/lmtt10.pfb><C:/Users/niniv/AppData/Local/Programs/MiKTeX/fonts/type1/public/lm/lmtt8.pfb><C:/Users/niniv/AppData/Local/Programs/MiKTeX/fonts/type1/public/lm/lmtt9.pfb><C:/Users/niniv/AppData/Local/Programs/MiKTeX/fonts/type1/public/amsfonts/symbols/msbm10.pfb>
Output written on main.pdf (59 pages, 4552044 bytes).
PDF statistics:
 430 PDF objects out of 1000 (max. 8388607)
 0 named destinations out of 1000 (max. 500000)
 58529 words of extra memory for PDF output out of 61914 (max. 10000000)

